[21:03:39.472835] [Import] [info] (th=8224) Log level for 'Import' set to 'info'
[21:03:39.472952] [Import] [info] (th=8224) Importing from D:\Users\Chris\Documents\ManuCollab\LEvEL1_prototype6_PACKAGE\Cargo_Box_Breakable.fbx
[21:03:39.479564] [Import] [info] (th=8224) Imported scene tree:
name: "RootNode"

	name: "Cargo"
	numMeshes: 1
	 addr: "0000018C4AFDBFD0"
	 name: "Cube.002"
	 numVertices: "42"
	 numFaces: "30"
	
	
		name: "Top"
		numMeshes: 1
		 addr: "0000018C040D8830"
		 name: "Cube.003"
		 numVertices: "134"
		 numFaces: "103"
		
		
			name: "Plane"
			numMeshes: 1
			 addr: "0000018BA2DC4AA0"
			 name: "Plane"
			 numVertices: "4"
			 numFaces: "2"
			
			
		name: "Plane.004"
		numMeshes: 1
		 addr: "0000018C249C1DD0"
		 name: "Plane.006"
		 numVertices: "12"
		 numFaces: "6"
		
		
		name: "Plane.005"
		numMeshes: 1
		 addr: "0000018C2530B130"
		 name: "Plane.007"
		 numVertices: "12"
		 numFaces: "6"
		
		
		name: "CargoP4"
		numMeshes: 1
		 addr: "0000018C318F4A60"
		 name: "Cube.009"
		 numVertices: "30"
		 numFaces: "18"
		
		
		name: "CargoP2"
		numMeshes: 1
		 addr: "0000018C318F94C0"
		 name: "Cube.010"
		 numVertices: "24"
		 numFaces: "12"
		
		
		name: "CargoP3"
		numMeshes: 1
		 addr: "0000018C318F3520"
		 name: "Cube.011"
		 numVertices: "28"
		 numFaces: "16"
		
		
		name: "Cargo.P1"
		numMeshes: 1
		 addr: "0000018C318F2FD0"
		 name: "Cube.012"
		 numVertices: "152"
		 numFaces: "140"
		
		
			name: "Level1_walls.002"
			numMeshes: 1
			 addr: "0000018C318F5A50"
			 name: "Plane.002"
			 numVertices: "182"
			 numFaces: "264"
			
			

[21:03:39.479679] [Import] [info] (th=8224) File loaded successfully
[21:03:39.479760] [Import] [info] (th=8224) Meshes count: 10
[21:03:39.479841] [Import] [info] (th=8224) Materials count: 3
[21:03:39.480432] [Import] [warning] (th=8224) Texture not found: D:\Users\Chris\Documents\ManuCollab\LEvEL1_prototype6_PACKAGE\PanelsTextures\SeamlessPanel_00\SeamlessPanel_00_BaseColor.png
[21:03:39.480656] [Import] [warning] (th=8224) Texture not found: D:\Users\Chris\Documents\ManuCollab\LEvEL1_prototype6_PACKAGE\PanelsTextures\SeamlessPanel_00\SeamlessPanel_00_Normal_OGL.png
[21:03:39.481043] [Import] [warning] (th=8224) Texture not found: D:\_PROJECTS\Sci-fi_PANELS\Panel_09_comp\Panel_09_comp_Tex1024\Panel_09comp_DefaultMaterial_BaseColor.png
[21:03:39.481332] [Import] [warning] (th=8224) Texture not found: D:\_PROJECTS\Sci-fi_PANELS\Panel_09_comp\Panel_09_comp_Tex1024\Panel_09comp_DefaultMaterial_Normal_OGL.png
[21:03:39.481503] [Import] [warning] (th=8224) Texture not found: D:\_PROJECTS\Sci-fi_PANELS\Panel_09_comp\Panel_09_comp_Tex1024\Panel_09comp_DefaultMaterial_Emissive.png
[21:03:39.481852] [Import] [warning] (th=8224) Texture not found: D:\_PROJECTS\Sci-fi_PANELS\Panel_02\Panel02_Tex1024\Panel_02_DefaultMaterial_BaseColor.png
[21:03:39.482030] [Import] [warning] (th=8224) Texture not found: D:\_PROJECTS\Sci-fi_PANELS\Panel_02\Panel02_Tex1024\Panel_02_DefaultMaterial_Normal_OGL.png
[21:03:39.482115] [Import] [info] (th=8224) Textures count (imported): 0
[21:10:29.325257] [Import] [info] (th=8224) Importing from D:\Users\Chris\Documents\ManuCollab\LEvEL1_prototype6_PACKAGE\Cargo_Box_extra.fbx
[21:10:29.327752] [Import] [info] (th=8224) Imported scene tree:
name: "RootNode"

	name: "Plane.004"
	numMeshes: 1
	 addr: "0000018C502DF060"
	 name: "Plane.006"
	 numVertices: "12"
	 numFaces: "6"
	
	
	name: "Plane.005"
	numMeshes: 1
	 addr: "0000018C502E6FE0"
	 name: "Plane.007"
	 numVertices: "12"
	 numFaces: "6"
	
	

[21:10:29.327813] [Import] [info] (th=8224) File loaded successfully
[21:10:29.327877] [Import] [info] (th=8224) Meshes count: 2
[21:10:29.327939] [Import] [info] (th=8224) Materials count: 1
[21:10:29.328298] [Import] [warning] (th=8224) Texture not found: D:\Users\Chris\Documents\ManuCollab\LEvEL1_prototype6_PACKAGE\PanelsTextures\SeamlessPanel_00\SeamlessPanel_00_BaseColor.png
[21:10:29.328471] [Import] [warning] (th=8224) Texture not found: D:\Users\Chris\Documents\ManuCollab\LEvEL1_prototype6_PACKAGE\PanelsTextures\SeamlessPanel_00\SeamlessPanel_00_Normal_OGL.png
[21:10:29.328557] [Import] [info] (th=8224) Textures count (imported): 0
