[17:35:33.142826] [Import] [info] (th=20484) Log level for 'Import' set to 'info'
[17:35:33.142967] [Import] [info] (th=20484) Importing from D:\Users\Chris\Documents\ManuCollab\LEvEL1_prototype6_PACKAGE\Lights_Panel_Screen.fbx
[17:35:33.236664] [Import] [info] (th=20484) Imported scene tree:
name: "RootNode"

	name: "Circle.058"
	numMeshes: 1
	 addr: "000001C7ED0AD5F0"
	 name: "Circle.004"
	 numVertices: "66"
	 numFaces: "50"
	
	
		name: "Circle.020"
		numMeshes: 1
		 addr: "000001C806205200"
		 name: "Circle.006"
		 numVertices: "8"
		 numFaces: "4"
		
		
		name: "Circle.057"
		numMeshes: 1
		 addr: "000001C7F6779A30"
		 name: "Circle.005"
		 numVertices: "94"
		 numFaces: "64"
		
		
	name: "Circle.001"
	numMeshes: 1
	 addr: "000001C852B4D5C0"
	 name: "Circle.007"
	 numVertices: "66"
	 numFaces: "50"
	
	
		name: "Circle.085"
		numMeshes: 1
		 addr: "000001C852B4F050"
		 name: "Circle.003"
		 numVertices: "8"
		 numFaces: "4"
		
		
		name: "Circle.002"
		numMeshes: 1
		 addr: "000001C852B4D070"
		 name: "Circle.008"
		 numVertices: "94"
		 numFaces: "64"
		
		

[17:35:33.236760] [Import] [info] (th=20484) File loaded successfully
[17:35:33.236822] [Import] [info] (th=20484) Meshes count: 6
[17:35:33.236876] [Import] [info] (th=20484) Materials count: 3
[17:35:33.264449] [Import] [warning] (th=20484) Texture not found: D:\_PROJECTS\Sci-fi_PANELS\Panel_01\Panel01_Tex1024\Panel_01_DefaultMaterial_BaseColor.png
[17:35:33.264690] [Import] [warning] (th=20484) Texture not found: D:\_PROJECTS\Sci-fi_PANELS\Panel_01\Panel01_Tex1024\Panel_01_DefaultMaterial_Normal_OGL.png
[17:35:33.265167] [Import] [warning] (th=20484) Texture not found: D:\_PROJECTS\Sci-fi_PANELS\LightsPanel_00\LightsPanel_00_Tex1024\LightsPanel_00_DefaultMaterial_BaseColor.png
[17:35:33.265380] [Import] [warning] (th=20484) Texture not found: D:\_PROJECTS\Sci-fi_PANELS\LightsPanel_00\LightsPanel_00_Tex1024\LightsPanel_00_DefaultMaterial_Normal_OGL.png
[17:35:33.265588] [Import] [warning] (th=20484) Texture not found: D:\_PROJECTS\Sci-fi_PANELS\LightsPanel_00\LightsPanel_00_Tex1024\LightsPanel_00_DefaultMaterial_Emissive.png
[17:35:33.266062] [Import] [warning] (th=20484) Texture not found: D:\_PROJECTS\Sci-fi_PANELS\Panel_10\Panel_10b_Tex2048\Panel_10_DefaultMaterial_BaseColor.png
[17:35:33.266282] [Import] [warning] (th=20484) Texture not found: D:\_PROJECTS\Sci-fi_PANELS\Panel_10\Panel_10b_Tex2048\Panel_10_DefaultMaterial_Normal_OGL.png
[17:35:33.266393] [Import] [info] (th=20484) Textures count (imported): 0
