[21:29:57.054431] [SceneFactory] [info] (th=439553) Log level for 'SceneFactory' set to 'info'
[21:29:57.724913] [SceneFactory] [info] (th=439553) Plane is created: id: 7132E2EB-4095-4CF4-982F-69C24C2F111A
[19:04:23.898964] [SceneFactory] [info] (th=568617) Log level for 'SceneFactory' set to 'info'
[19:04:23.899537] [SceneFactory] [info] (th=568617) Box is created: id: 005130CB-83A7-4F8C-8E93-8210D088E3B7
[19:04:54.410458] [SceneFactory] [info] (th=568617) Cone is created: id: 86953D12-A3A3-4AE4-9BA6-9659FB7CD505
[22:20:31.766157] [SceneFactory] [info] (th=568617) Log level for 'SceneFactory' set to 'info'
[00:02:02.928659] [SceneFactory] [info] (th=568617) Log level for 'SceneFactory' set to 'info'
[00:02:02.928702] [SceneFactory] [info] (th=568617) GhostObject is created: id: DA332B15-BF9A-4DB5-9397-42D1C371F9D1
[00:17:36.434219] [SceneFactory] [info] (th=568617) Log level for 'SceneFactory' set to 'info'
[00:31:56.857974] [SceneFactory] [info] (th=568617) Plane is created: id: 3E49872C-35B8-4755-A966-AFE5B32481FF
[00:39:10.263831] [SceneFactory] [info] (th=568617) Light is created: id: 58EE3BC9-7848-4669-BD06-DABCB243E265
[19:55:25.053468] [SceneFactory] [info] (th=957570) Log level for 'SceneFactory' set to 'info'
[19:55:25.053891] [SceneFactory] [info] (th=957570) GhostObject is created: id: 1E3E9831-279C-4D5E-8C33-18E105581E50
[20:01:14.638201] [SceneFactory] [info] (th=957570) Sphere is created: id: 7820F952-FF42-4EA4-8966-20FEABB470AC
[19:48:02.672579] [SceneFactory] [info] (th=105522) Log level for 'SceneFactory' set to 'info'
[20:15:42.000378] [SceneFactory] [info] (th=105522) Sphere is created: id: 1CDA37CB-D00B-4C3F-8A64-2BB2E7585A65
[20:15:57.629788] [SceneFactory] [info] (th=105522) GhostObject is created: id: 7DC0D92A-01EF-4560-BD0F-CDB3C92078AF
[20:37:39.167393] [SceneFactory] [info] (th=105522) Box is created: id: B2DB3DE5-8673-46F9-A293-AFB406D4F636
[21:14:19.668147] [SceneFactory] [info] (th=357326) Log level for 'SceneFactory' set to 'info'
[12:54:10.425839] [SceneFactory] [info] (th=403106) Log level for 'SceneFactory' set to 'info'
[12:54:10.425971] [SceneFactory] [info] (th=403106) GhostObject is created: id: 64086B26-BEB7-443B-AD73-383966326326
[13:02:44.475644] [SceneFactory] [info] (th=403106) GhostObject is created: id: CCE8F226-DBB3-486C-8A2D-AD1C1C7A1A2E
[13:25:49.948551] [SceneFactory] [info] (th=403106) GhostObject is created: id: 43584E53-B17A-4609-AA63-7CCC1D8ED437
[18:21:23.977671] [SceneFactory] [info] (th=474431) Log level for 'SceneFactory' set to 'info'
[12:40:20.595133] [SceneFactory] [info] (th=799241) Log level for 'SceneFactory' set to 'info'
[12:57:49.263253] [SceneFactory] [info] (th=799241) GhostObject is created: id: CBA25758-EAD8-404F-B71B-50FDDA437CCB
[15:58:49.360398] [SceneFactory] [info] (th=799241) Log level for 'SceneFactory' set to 'info'
[15:58:49.360472] [SceneFactory] [info] (th=799241) GhostObject is created: id: 6CE4C62E-4C62-42B9-B289-8A707A0BFE94
[16:10:56.358637] [SceneFactory] [info] (th=799241) GhostObject is created: id: EB581385-F48C-4E64-ADB1-00CA36E3E12E
[17:09:41.035866] [SceneFactory] [info] (th=799241) Log level for 'SceneFactory' set to 'info'
[17:09:41.041966] [SceneFactory] [info] (th=799241) Box is created: id: C7267BD7-DF6D-490D-80D1-FD5E9BABA0B0
[21:56:30.452615] [SceneFactory] [info] (th=799241) Log level for 'SceneFactory' set to 'info'
[21:56:30.452701] [SceneFactory] [info] (th=799241) GhostObject is created: id: 9B85423E-7CA6-4AE6-B354-6B135C880CC7
[12:55:24.917442] [SceneFactory] [info] (th=437865) Log level for 'SceneFactory' set to 'info'
[10:40:13.320221] [SceneFactory] [info] (th=20604) Log level for 'SceneFactory' set to 'info'
[10:40:13.320279] [SceneFactory] [info] (th=20604) GhostObject is created: id: D825EF83-392E-4D3E-84A8-46EAAF30B039
[10:44:19.899822] [SceneFactory] [info] (th=22320) Log level for 'SceneFactory' set to 'info'
[11:17:58.918385] [SceneFactory] [info] (th=21764) Log level for 'SceneFactory' set to 'info'
[11:20:30.306113] [SceneFactory] [info] (th=21764) Light is created: id: E792DB33-1D8C-4A18-8AA6-F4309E5FD4E0
[11:29:23.798308] [SceneFactory] [info] (th=21764) GhostObject is created: id: 56268399-6A21-4B69-A20A-3431EA52F2BC
[09:08:02.759549] [SceneFactory] [info] (th=13388) Log level for 'SceneFactory' set to 'info'
[09:08:02.768720] [SceneFactory] [info] (th=13388) GhostObject is created: id: 44F2C28E-C9D3-4433-BB26-4DB990EDC445
[09:20:09.695514] [SceneFactory] [info] (th=13388) Light is created: id: 8F86D0E1-1826-47B3-AF8E-E00A61C67DC5
[09:38:16.498787] [SceneFactory] [info] (th=13388) GhostObject is created: id: 5F253A03-DF2C-4E62-92BF-FDE42D1CA052
[09:42:30.657808] [SceneFactory] [info] (th=13388) GhostObject is created: id: 7FBF1FE3-3D3A-42B9-91B5-B53F3B0769D9
[09:44:22.755428] [SceneFactory] [info] (th=13388) GhostObject is created: id: 998DBAA5-9C6C-422A-A75C-2A17DBBA9516
[10:33:58.985172] [SceneFactory] [info] (th=13388) GhostObject is created: id: E4263404-046C-46CD-B86B-14E409C41539
[09:49:36.387380] [SceneFactory] [info] (th=14608) Log level for 'SceneFactory' set to 'info'
[09:49:36.388187] [SceneFactory] [info] (th=14608) GhostObject is created: id: 968C7E7F-BD45-4EA5-9005-356EC6742FCC
[11:32:48.407108] [SceneFactory] [info] (th=7544) Log level for 'SceneFactory' set to 'info'
[11:36:04.508623] [SceneFactory] [info] (th=8436) Log level for 'SceneFactory' set to 'info'
[11:47:15.263980] [SceneFactory] [info] (th=14640) Log level for 'SceneFactory' set to 'info'
[13:04:09.320859] [SceneFactory] [info] (th=14492) Log level for 'SceneFactory' set to 'info'
[12:20:11.218468] [SceneFactory] [info] (th=1277070) Log level for 'SceneFactory' set to 'info'
[12:20:11.218874] [SceneFactory] [info] (th=1277070) Box is created: id: 9A60D8F3-A985-4161-930A-3332A4EEF1DF
[16:58:33.653962] [SceneFactory] [info] (th=13068) Log level for 'SceneFactory' set to 'info'
[17:16:08.423226] [SceneFactory] [info] (th=4812) Log level for 'SceneFactory' set to 'info'
[17:29:55.428416] [SceneFactory] [info] (th=15728) Log level for 'SceneFactory' set to 'info'
[22:16:17.038430] [SceneFactory] [info] (th=862572) Log level for 'SceneFactory' set to 'info'
[22:16:17.040512] [SceneFactory] [info] (th=862572) GhostObject is created: id: 01797BEA-8E3F-4F6C-A497-5B4F1222C0F1
[17:17:05.068001] [SceneFactory] [info] (th=400655) Log level for 'SceneFactory' set to 'info'
[17:17:05.073912] [SceneFactory] [info] (th=400655) GhostObject is created: id: CEC9042C-D93A-425F-893F-48B40742908D
[21:05:41.848417] [SceneFactory] [info] (th=781801) Log level for 'SceneFactory' set to 'info'
[21:05:41.849161] [SceneFactory] [info] (th=781801) Box is created: id: 44029695-5CBE-4E08-919F-7B9851C981BD
[21:08:28.938270] [SceneFactory] [info] (th=781801) Log level for 'SceneFactory' set to 'info'
[21:08:28.938314] [SceneFactory] [info] (th=781801) Box is created: id: D84800FF-39CF-4A5A-BC5F-A9B34AD337AC
[21:09:07.163083] [SceneFactory] [info] (th=781801) Box is created: id: D17497C0-33E4-47ED-BE3A-FE030D872884
[21:13:17.487160] [SceneFactory] [info] (th=781801) Log level for 'SceneFactory' set to 'info'
[21:13:17.487204] [SceneFactory] [info] (th=781801) Box is created: id: C8AD431F-D7F1-42E4-BE0F-2B669960B9DB
[15:04:05.133173] [SceneFactory] [info] (th=1925018) Log level for 'SceneFactory' set to 'info'
[13:48:41.591748] [SceneFactory] [info] (th=1158865) Log level for 'SceneFactory' set to 'info'
[13:48:41.591825] [SceneFactory] [info] (th=1158865) GhostObject is created: id: 8F5774E2-6630-48D1-8EAF-03D6EB250542
[15:03:33.209162] [SceneFactory] [info] (th=1904028) Log level for 'SceneFactory' set to 'info'
[15:03:33.215860] [SceneFactory] [info] (th=1904028) StateMachine is created: id: 29628777-206F-40A3-B372-F4A43B5DAF58
[18:28:19.259691] [SceneFactory] [info] (th=2080556) Log level for 'SceneFactory' set to 'info'
[18:30:24.975404] [SceneFactory] [info] (th=2080556) StateMachine is created: id: 7D583497-AA41-46E0-967B-E504F33759AF
[18:52:01.984841] [SceneFactory] [info] (th=2080556) Plane is created: id: 7097322B-48F6-46CA-85D5-21A3A79347BE
[20:04:56.347429] [SceneFactory] [info] (th=2080556) Sphere is created: id: 2D77EE17-8B9A-4EF4-B7E1-BD5644D289EF
[20:13:52.957199] [SceneFactory] [info] (th=2080556) Box is created: id: ED4702EF-4590-490B-B0D0-ED1BAEE32144
[20:31:24.659936] [SceneFactory] [info] (th=2080556) Sphere is created: id: 86856F57-3880-4F54-B9B2-36591CCC2BB2
[21:02:33.097404] [SceneFactory] [info] (th=2174394) Log level for 'SceneFactory' set to 'info'
[21:03:15.866141] [SceneFactory] [info] (th=2174394) Box is created: id: D4AEEE8E-4D41-4373-B62D-4ECE2CD7AA8C
[18:30:04.332266] [SceneFactory] [info] (th=2314452) Log level for 'SceneFactory' set to 'info'
[18:30:04.333543] [SceneFactory] [info] (th=2314452) StateMachine is created: id: 8A209858-9B85-437E-95B1-992005A494F3
[20:37:24.889441] [SceneFactory] [info] (th=5300) Log level for 'SceneFactory' set to 'info'
[20:37:24.889520] [SceneFactory] [info] (th=5300) Box is created: id: F0613BCD-0E96-4458-B1CC-0B04A0FDE030
[16:16:25.464244] [SceneFactory] [info] (th=9796) Log level for 'SceneFactory' set to 'info'
[16:16:25.464359] [SceneFactory] [info] (th=9796) Plane is created: id: 601DB061-2123-4BE5-BE7A-BE508812ED98
[18:10:24.493221] [SceneFactory] [info] (th=23404) Log level for 'SceneFactory' set to 'info'
[18:10:24.493289] [SceneFactory] [info] (th=23404) GhostObject is created: id: FE6BF65E-CEE8-48EA-806E-C06614AE0950
[20:39:35.760701] [SceneFactory] [info] (th=23404) GhostObject is created: id: 9E21B5FD-FAEF-4AE5-8AAF-FDED7CF5716B
[19:48:06.561268] [SceneFactory] [info] (th=13072) Log level for 'SceneFactory' set to 'info'
[19:48:06.561387] [SceneFactory] [info] (th=13072) Cylinder is created: id: 917C73CA-A510-4B77-835E-83AFDC219D91
[17:06:15.519478] [SceneFactory] [info] (th=9724) Log level for 'SceneFactory' set to 'info'
[17:06:15.519541] [SceneFactory] [info] (th=9724) Light is created: id: 93BB9970-6966-4661-BD06-32006C794988
[18:13:02.384711] [SceneFactory] [info] (th=9724) Log level for 'SceneFactory' set to 'info'
[18:13:02.387048] [SceneFactory] [info] (th=9724) StateMachine is created: id: 617F3E64-2D8C-4188-BD81-7F565BF853D0
[19:17:18.714901] [SceneFactory] [info] (th=5220) Log level for 'SceneFactory' set to 'info'
[17:29:02.442993] [SceneFactory] [info] (th=24384) Log level for 'SceneFactory' set to 'info'
[12:29:17.744332] [SceneFactory] [info] (th=18948) Log level for 'SceneFactory' set to 'info'
[13:12:45.994567] [SceneFactory] [info] (th=18948) Plane is created: id: 7CE35355-252D-4548-8EE4-D5F197A8C4AD
[16:18:09.711546] [SceneFactory] [info] (th=16500) Log level for 'SceneFactory' set to 'info'
[16:18:09.711615] [SceneFactory] [info] (th=16500) Light is created: id: D21921B2-4AC4-4C6D-B757-DF6C32C2696F
[17:12:42.330048] [SceneFactory] [info] (th=8480) Log level for 'SceneFactory' set to 'info'
[19:56:14.338564] [SceneFactory] [info] (th=8480) Plane is created: id: D6ED98DF-9403-4511-A7E4-894CB4A5E2FD
[20:31:18.436782] [SceneFactory] [info] (th=8480) Plane is created: id: 0832299C-73B2-411F-826D-A8FB5396593F
[15:59:16.057415] [SceneFactory] [info] (th=23636) Log level for 'SceneFactory' set to 'info'
[23:06:54.420295] [SceneFactory] [info] (th=9036) Log level for 'SceneFactory' set to 'info'
[15:44:02.722753] [SceneFactory] [info] (th=19968) Log level for 'SceneFactory' set to 'info'
[17:35:33.113483] [SceneFactory] [info] (th=20484) Log level for 'SceneFactory' set to 'info'
[18:11:31.754974] [SceneFactory] [info] (th=20616) Log level for 'SceneFactory' set to 'info'
[18:14:04.061693] [SceneFactory] [info] (th=20616) Light is created: id: 23127CF0-F420-491F-AD00-3D2207A0DC23
[20:04:31.168794] [SceneFactory] [info] (th=17324) Log level for 'SceneFactory' set to 'info'
[20:07:55.609140] [SceneFactory] [info] (th=17324) Light is created: id: 31DDC7A9-33FA-49F3-9861-6F0E910C2998
[21:02:14.592037] [SceneFactory] [info] (th=16688) Log level for 'SceneFactory' set to 'info'
[21:03:39.472283] [SceneFactory] [info] (th=8224) Log level for 'SceneFactory' set to 'info'
[21:16:24.455898] [SceneFactory] [info] (th=8224) Light is created: id: 6D7580D2-D642-4548-B4E8-25841C5E0F66
[21:21:30.403802] [SceneFactory] [info] (th=7208) Log level for 'SceneFactory' set to 'info'
[21:21:30.403875] [SceneFactory] [info] (th=7208) Light is created: id: 00A6DCC5-8E28-4596-BCCB-7B332A79CD29
[13:38:29.497491] [SceneFactory] [info] (th=11816) Log level for 'SceneFactory' set to 'info'
[13:44:42.147665] [SceneFactory] [info] (th=11816) StateMachine is created: id: 515833A3-1BEC-4047-AB79-AD7412043F43
[14:20:44.556679] [SceneFactory] [info] (th=11816) AudioSource is created: id: 5F95F0A5-AC25-4AED-8F98-015E53DBBAB8
[15:25:08.856426] [SceneFactory] [info] (th=28548) Log level for 'SceneFactory' set to 'info'
[15:25:08.856492] [SceneFactory] [info] (th=28548) AudioSource is created: id: 356D4117-2EBF-42B0-AE3A-7AE92664ACE3
[15:25:10.047140] [SceneFactory] [info] (th=28548) AudioSource is created: id: 52968DD0-E62E-42E5-B814-BF145EB2F055
[17:45:20.266042] [SceneFactory] [info] (th=28548) AudioSource is created: id: CC30EDB1-4E4B-46BD-8653-EB9E025EFA83
[17:45:40.492211] [SceneFactory] [info] (th=28548) AudioSource is created: id: 6D19D6F7-B888-4A52-85E5-DC61969B03C0
[10:47:31.991375] [SceneFactory] [info] (th=28344) Log level for 'SceneFactory' set to 'info'
[10:47:31.991428] [SceneFactory] [info] (th=28344) AudioSource is created: id: B032AD00-50FB-43EF-9FDA-8CDBC0A43CC5
[11:00:46.150555] [SceneFactory] [info] (th=28344) Log level for 'SceneFactory' set to 'info'
[11:00:46.150624] [SceneFactory] [info] (th=28344) Plane is created: id: 7001153D-24FF-4962-8676-5F5F55BF5066
[11:18:58.994579] [SceneFactory] [info] (th=28344) Plane is created: id: 9A878316-A41E-4EFE-A321-C3A87EC0D45E
[13:18:19.088944] [SceneFactory] [info] (th=28344) Log level for 'SceneFactory' set to 'info'
[13:18:19.089002] [SceneFactory] [info] (th=28344) GhostObject is created: id: 8D207515-C080-475C-9AA9-1352F03AC4DC
[13:58:45.192572] [SceneFactory] [info] (th=7376) Log level for 'SceneFactory' set to 'info'
[13:58:45.192665] [SceneFactory] [info] (th=7376) Light is created: id: A0313E16-287B-46F2-9182-6DD6B5D30FD8
[15:38:49.482033] [SceneFactory] [info] (th=9572) Log level for 'SceneFactory' set to 'info'
[15:39:50.011640] [SceneFactory] [info] (th=15700) Log level for 'SceneFactory' set to 'info'
[13:41:16.778601] [SceneFactory] [info] (th=7772) Log level for 'SceneFactory' set to 'info'
[16:56:21.388063] [SceneFactory] [info] (th=7772) Log level for 'SceneFactory' set to 'info'
[16:56:21.408798] [SceneFactory] [info] (th=7772) Light is created: id: E3D7EECA-34B8-481E-BB06-2960947B7732
[17:20:35.695303] [SceneFactory] [info] (th=7772) Capsule is created: id: 75F1FAFA-A7B1-43F1-9CD5-3C7846C65BBC
[18:09:53.838032] [SceneFactory] [info] (th=17536) Log level for 'SceneFactory' set to 'info'
[18:09:53.838097] [SceneFactory] [info] (th=17536) Light is created: id: 386AFEE5-3A6B-4CF6-A3C1-E3F5685BEA46
[20:10:19.885396] [SceneFactory] [info] (th=17536) AudioSource is created: id: 91E0F608-FFEA-4F21-A974-E150F7741227
[13:52:35.753586] [SceneFactory] [info] (th=3264) Log level for 'SceneFactory' set to 'info'
[16:08:05.034924] [SceneFactory] [info] (th=1924) Log level for 'SceneFactory' set to 'info'
[16:08:05.035011] [SceneFactory] [info] (th=1924) Box is created: id: C0A4A5E1-BC73-4951-A5CC-2F6438284F17
[18:59:05.580091] [SceneFactory] [info] (th=17512) Log level for 'SceneFactory' set to 'info'
[10:43:44.727070] [SceneFactory] [info] (th=13368) Log level for 'SceneFactory' set to 'info'
[11:09:26.418490] [SceneFactory] [info] (th=13368) GhostObject is created: id: 86E51558-6FC8-4C21-A1EF-D375DFD8C38A
[16:10:00.155920] [SceneFactory] [info] (th=1156) Log level for 'SceneFactory' set to 'info'
[11:43:12.454885] [SceneFactory] [info] (th=11044) Log level for 'SceneFactory' set to 'info'
[11:43:12.455014] [SceneFactory] [info] (th=11044) Plane is created: id: C8978472-C24B-48A3-AE1F-F4D216A037F7
[11:49:59.325569] [SceneFactory] [info] (th=11044) Plane is created: id: CF04F6F0-F442-4DBB-85C1-038F0462CEC4
[11:50:08.966036] [SceneFactory] [info] (th=11044) Box is created: id: 73761269-9A2C-432D-A1F1-22CDF62CD560
[11:50:12.158488] [SceneFactory] [info] (th=11044) GhostObject is created: id: 206D18F4-4357-4B47-9FD4-F6922F86EF1B
[13:28:15.518150] [SceneFactory] [info] (th=11044) Box is created: id: 4D4896C9-FCD3-4395-8201-5CD04E77638D
[13:28:59.132527] [SceneFactory] [info] (th=11044) GhostObject is created: id: BFBE39AB-ADF1-4CAB-9776-16426A866580
[19:34:57.171319] [SceneFactory] [info] (th=924) Log level for 'SceneFactory' set to 'info'
[19:34:57.171406] [SceneFactory] [info] (th=924) Box is created: id: 5653EAB0-D209-42A9-A695-B04BAFEA98A0
[20:42:04.115969] [SceneFactory] [info] (th=16720) Log level for 'SceneFactory' set to 'info'
[11:46:16.238401] [SceneFactory] [info] (th=10848) Log level for 'SceneFactory' set to 'info'
[17:39:17.856671] [SceneFactory] [info] (th=9728) Log level for 'SceneFactory' set to 'info'
[17:39:17.877253] [SceneFactory] [info] (th=9728) Box is created: id: 23AAE939-D54F-4A91-A92F-E32EDC439ABB
[20:36:35.767747] [SceneFactory] [info] (th=9728) Log level for 'SceneFactory' set to 'info'
[10:04:35.729976] [SceneFactory] [info] (th=2688) Log level for 'SceneFactory' set to 'info'
[10:51:50.249543] [SceneFactory] [info] (th=2688) GhostObject is created: id: 9F7BEAAA-3787-4C4F-ADBC-A20C5CEBECA6
[14:54:45.385730] [SceneFactory] [info] (th=8272) Log level for 'SceneFactory' set to 'info'
[15:23:30.782089] [SceneFactory] [info] (th=8272) Box is created: id: 773AB85B-B38D-477B-A7D3-913A31EBE179
[12:34:31.192487] [SceneFactory] [info] (th=12100) Log level for 'SceneFactory' set to 'info'
[12:53:34.391423] [SceneFactory] [info] (th=8028) Log level for 'SceneFactory' set to 'info'
[13:27:38.994343] [SceneFactory] [info] (th=3172) Log level for 'SceneFactory' set to 'info'
[13:27:38.994403] [SceneFactory] [info] (th=3172) Box is created: id: E7FE7C1C-1379-459E-B7D8-D0983718DE87
[19:10:57.238287] [SceneFactory] [info] (th=11068) Log level for 'SceneFactory' set to 'info'
[19:10:57.238366] [SceneFactory] [info] (th=11068) GhostObject is created: id: C1BABD8E-866D-41C2-9BBC-C64DED797326
[20:51:30.609315] [SceneFactory] [info] (th=13328) Log level for 'SceneFactory' set to 'info'
[12:21:21.427116] [SceneFactory] [info] (th=14832) Log level for 'SceneFactory' set to 'info'
[10:39:24.764455] [SceneFactory] [info] (th=10044) Log level for 'SceneFactory' set to 'info'
[10:39:24.764531] [SceneFactory] [info] (th=10044) GhostObject is created: id: 4A33E5B9-6BE0-45A3-BA9F-577D328664D8
[11:40:10.680818] [SceneFactory] [info] (th=10044) Log level for 'SceneFactory' set to 'info'
[11:40:10.680892] [SceneFactory] [info] (th=10044) Sphere is created: id: 947E809E-18FF-4346-B7EC-C471310AA5DE
[17:43:50.533566] [SceneFactory] [info] (th=3200) Log level for 'SceneFactory' set to 'info'
[17:43:50.533662] [SceneFactory] [info] (th=3200) GhostObject is created: id: 588D66DA-84B0-4CD2-AB71-BBF5DD015FBB
[18:49:44.004436] [SceneFactory] [info] (th=10836) Log level for 'SceneFactory' set to 'info'
[18:49:44.004521] [SceneFactory] [info] (th=10836) Sphere is created: id: A26CC73B-D745-4E88-A8AE-29994F453F2D
[20:39:16.044367] [SceneFactory] [info] (th=5928) Log level for 'SceneFactory' set to 'info'
[11:03:41.436116] [SceneFactory] [info] (th=17700) Log level for 'SceneFactory' set to 'info'
[11:40:30.720089] [SceneFactory] [info] (th=12396) Log level for 'SceneFactory' set to 'info'
[11:42:10.546315] [SceneFactory] [info] (th=18116) Log level for 'SceneFactory' set to 'info'
[12:43:10.326291] [SceneFactory] [info] (th=16932) Log level for 'SceneFactory' set to 'info'
[12:43:10.326384] [SceneFactory] [info] (th=16932) Cylinder is created: id: 9200330D-48A0-4456-AE42-3C7DE419FE82
[12:43:13.280674] [SceneFactory] [info] (th=16932) GhostObject is created: id: 1D8693FB-A295-4723-9F1E-60819E911214
[13:17:43.251989] [SceneFactory] [info] (th=16932) Capsule is created: id: 9F1C175E-AE4C-4951-B0E4-1A3ACDF00F96
[13:24:23.458720] [SceneFactory] [info] (th=16932) Light is created: id: CF96A9EF-D26B-41F1-8D02-66128A752AD1
[16:33:49.829517] [SceneFactory] [info] (th=14048) Log level for 'SceneFactory' set to 'info'
[19:23:54.994035] [SceneFactory] [info] (th=3292) Log level for 'SceneFactory' set to 'info'
[19:25:49.693434] [SceneFactory] [info] (th=15416) Log level for 'SceneFactory' set to 'info'
[19:30:11.371056] [SceneFactory] [info] (th=15416) Light is created: id: 94CF6F2A-7AA9-4507-96CC-9FCB3608C47E
[13:41:19.730753] [SceneFactory] [info] (th=6624) Log level for 'SceneFactory' set to 'info'
[13:41:19.730824] [SceneFactory] [info] (th=6624) GhostObject is created: id: DE497A48-9B3F-4C4C-B9E4-D61226B09BF0
[17:10:40.649309] [SceneFactory] [info] (th=10904) Log level for 'SceneFactory' set to 'info'
[11:04:11.591840] [SceneFactory] [info] (th=18200) Log level for 'SceneFactory' set to 'info'
[11:04:11.591928] [SceneFactory] [info] (th=18200) AudioSource is created: id: DFCA894B-1A14-425A-8304-9CA940E5A25A
[12:43:15.522147] [SceneFactory] [info] (th=14096) Log level for 'SceneFactory' set to 'info'
[13:52:33.621420] [SceneFactory] [info] (th=19700) Log level for 'SceneFactory' set to 'info'
[14:57:21.814265] [SceneFactory] [info] (th=20988) Log level for 'SceneFactory' set to 'info'
[14:57:21.814358] [SceneFactory] [info] (th=20988) Light is created: id: AA3AA88C-2489-4642-A2AA-AFAF5550D235
[15:17:08.667400] [SceneFactory] [info] (th=20988) Box is created: id: 63BBBB21-9311-4561-A612-9A5340C923A6
[17:21:25.451950] [SceneFactory] [info] (th=4592) Log level for 'SceneFactory' set to 'info'
[17:21:25.452077] [SceneFactory] [info] (th=4592) GhostObject is created: id: 687D7127-0C19-4EE3-B980-B12FF972FF71
[21:42:32.979406] [SceneFactory] [info] (th=20960) Log level for 'SceneFactory' set to 'info'
[21:42:32.979485] [SceneFactory] [info] (th=20960) GhostObject is created: id: 39AB14EB-CF88-43BB-86AD-C4C9C8614390
[18:30:35.849832] [SceneFactory] [info] (th=17884) Log level for 'SceneFactory' set to 'info'
[09:45:39.769267] [SceneFactory] [info] (th=15756) Log level for 'SceneFactory' set to 'info'
[09:45:39.769378] [SceneFactory] [info] (th=15756) GhostObject is created: id: E8E0C4BC-3027-4F71-8F5F-90D96F706DD5
[10:01:06.326531] [SceneFactory] [info] (th=15756) Box is created: id: 4F9792D8-5B7B-4DB9-A556-AA2D7F8F3ABF
[16:22:42.673257] [SceneFactory] [info] (th=24348) Log level for 'SceneFactory' set to 'info'
[15:49:52.674420] [SceneFactory] [info] (th=22456) Log level for 'SceneFactory' set to 'info'
[15:49:52.691185] [SceneFactory] [info] (th=22456) GhostObject is created: id: CDE30FF8-C68B-466C-BA38-A6C930645097
[16:28:28.380474] [SceneFactory] [info] (th=21936) Log level for 'SceneFactory' set to 'info'
[16:28:28.946359] [SceneFactory] [info] (th=21936) StateMachine is created: id: 69C0D4D7-DCCD-41D3-A2C4-F6AE170F18E2
[10:41:13.643347] [SceneFactory] [info] (th=2696) Log level for 'SceneFactory' set to 'info'
[10:41:13.643419] [SceneFactory] [info] (th=2696) GhostObject is created: id: A31F9E8E-4C80-4B6E-9CC2-B266A1CBC097
[13:55:03.978453] [SceneFactory] [info] (th=16232) Log level for 'SceneFactory' set to 'info'
[20:12:56.264152] [SceneFactory] [info] (th=9556) Log level for 'SceneFactory' set to 'info'
[11:11:38.666153] [SceneFactory] [info] (th=12220) Log level for 'SceneFactory' set to 'info'
[16:24:57.866261] [SceneFactory] [info] (th=25444) Log level for 'SceneFactory' set to 'info'
[16:52:36.921015] [SceneFactory] [info] (th=10992) Log level for 'SceneFactory' set to 'info'
[16:52:36.921235] [SceneFactory] [info] (th=10992) StateMachine is created: id: BD9AB84A-E588-436C-A944-A14BA4079BDF
[10:49:30.479217] [SceneFactory] [info] (th=23192) Log level for 'SceneFactory' set to 'info'
[11:44:18.815443] [SceneFactory] [info] (th=19180) Log level for 'SceneFactory' set to 'info'
[11:44:18.815534] [SceneFactory] [info] (th=19180) Box is created: id: 0F4172B4-326F-41E5-B32F-59DC0ED2892D
[13:17:08.406530] [SceneFactory] [info] (th=24056) Log level for 'SceneFactory' set to 'info'
[13:17:08.858203] [SceneFactory] [info] (th=24056) StateMachine is created: id: 05825C80-24DA-42E3-80E3-4908C1953B7D
